2017/01/31 09:18:32 [fisicVotes] [loggin] Delegado : Sebastian.Munozr
in /var/www/clients/client19/web33/web/Cooperen/protected/controllers/SiteController.php (68)
in /var/www/clients/client19/web33/web/Cooperen/index.php (15)
2017/01/31 09:20:53 [fisicVotes] [loggin] Delegado : Sebastian.Munozr
in /var/www/clients/client19/web33/web/Cooperen/protected/controllers/SiteController.php (68)
in /var/www/clients/client19/web33/web/Cooperen/index.php (15)
2017/01/31 09:23:03 [fisicVotes] [logout] Delegado : 
in /var/www/clients/client19/web33/web/Cooperen/protected/controllers/SiteController.php (205)
in /var/www/clients/client19/web33/web/Cooperen/protected/controllers/SiteController.php (186)
in /var/www/clients/client19/web33/web/Cooperen/index.php (15)
2017/01/31 09:23:18 [fisicVotes] [loggin] Delegado : Paolac.Castanedaa
in /var/www/clients/client19/web33/web/Cooperen/protected/controllers/SiteController.php (68)
in /var/www/clients/client19/web33/web/Cooperen/index.php (15)
2017/01/31 09:23:22 [fisicVotes] [logout] Delegado : 
in /var/www/clients/client19/web33/web/Cooperen/protected/controllers/SiteController.php (205)
in /var/www/clients/client19/web33/web/Cooperen/protected/controllers/SiteController.php (186)
in /var/www/clients/client19/web33/web/Cooperen/index.php (15)
2017/01/31 09:23:26 [fisicVotes] [loggin] Delegado : Mauricio.CanasJ
in /var/www/clients/client19/web33/web/Cooperen/protected/controllers/SiteController.php (68)
in /var/www/clients/client19/web33/web/Cooperen/index.php (15)
2017/01/31 09:23:29 [fisicVotes] [logout] Delegado : 
in /var/www/clients/client19/web33/web/Cooperen/protected/controllers/SiteController.php (205)
in /var/www/clients/client19/web33/web/Cooperen/protected/controllers/SiteController.php (186)
in /var/www/clients/client19/web33/web/Cooperen/index.php (15)
2017/01/31 09:23:34 [fisicVotes] [loggin] Delegado : MariaC.Quinchiag
in /var/www/clients/client19/web33/web/Cooperen/protected/controllers/SiteController.php (68)
in /var/www/clients/client19/web33/web/Cooperen/index.php (15)
2017/01/31 09:23:37 [fisicVotes] [logout] Delegado : 
in /var/www/clients/client19/web33/web/Cooperen/protected/controllers/SiteController.php (205)
in /var/www/clients/client19/web33/web/Cooperen/protected/controllers/SiteController.php (186)
in /var/www/clients/client19/web33/web/Cooperen/index.php (15)
2017/01/31 09:23:43 [fisicVotes] [loggin] Delegado : DianaP.MontesH
in /var/www/clients/client19/web33/web/Cooperen/protected/controllers/SiteController.php (68)
in /var/www/clients/client19/web33/web/Cooperen/index.php (15)
2017/01/31 09:23:48 [fisicVotes] [logout] Delegado : 
in /var/www/clients/client19/web33/web/Cooperen/protected/controllers/SiteController.php (205)
in /var/www/clients/client19/web33/web/Cooperen/protected/controllers/SiteController.php (186)
in /var/www/clients/client19/web33/web/Cooperen/index.php (15)
2017/01/31 09:23:51 [fisicVotes] [loggin] Delegado : Carolinai.MontoyaR
in /var/www/clients/client19/web33/web/Cooperen/protected/controllers/SiteController.php (68)
in /var/www/clients/client19/web33/web/Cooperen/index.php (15)
2017/01/31 09:23:56 [fisicVotes] [logout] Delegado : 
in /var/www/clients/client19/web33/web/Cooperen/protected/controllers/SiteController.php (205)
in /var/www/clients/client19/web33/web/Cooperen/protected/controllers/SiteController.php (186)
in /var/www/clients/client19/web33/web/Cooperen/index.php (15)
2017/01/31 09:24:00 [fisicVotes] [loggin] Delegado : BivianaC.Marulandac
in /var/www/clients/client19/web33/web/Cooperen/protected/controllers/SiteController.php (68)
in /var/www/clients/client19/web33/web/Cooperen/index.php (15)
2017/01/31 09:24:03 [fisicVotes] [logout] Delegado : 
in /var/www/clients/client19/web33/web/Cooperen/protected/controllers/SiteController.php (205)
in /var/www/clients/client19/web33/web/Cooperen/protected/controllers/SiteController.php (186)
in /var/www/clients/client19/web33/web/Cooperen/index.php (15)
2017/01/31 09:24:43 [fisicVotes] [loggin] Delegado : Sebastian.Munozr
in /var/www/clients/client19/web33/web/Cooperen/protected/controllers/SiteController.php (68)
in /var/www/clients/client19/web33/web/Cooperen/index.php (15)
2017/01/31 09:28:44 [fisicVotes] [logout] Delegado : 
in /var/www/clients/client19/web33/web/Cooperen/protected/controllers/SiteController.php (205)
in /var/www/clients/client19/web33/web/Cooperen/protected/controllers/SiteController.php (186)
in /var/www/clients/client19/web33/web/Cooperen/index.php (15)
2017/01/31 09:40:35 [fisicVotes] [loggin] Usuario : 1007833717
in /var/www/clients/client19/web33/web/Cooperen/protected/controllers/SiteController.php (129)
in /var/www/clients/client19/web33/web/Cooperen/index.php (15)
2017/01/31 09:40:43 [fisicVotes] [logout] Usuario : 1007833717
in /var/www/clients/client19/web33/web/Cooperen/protected/controllers/SiteController.php (196)
in /var/www/clients/client19/web33/web/Cooperen/protected/controllers/SiteController.php (186)
in /var/www/clients/client19/web33/web/Cooperen/index.php (15)
2017/01/31 09:40:47 [fisicVotes] [loggin] Usuario : 1007833717
in /var/www/clients/client19/web33/web/Cooperen/protected/controllers/SiteController.php (129)
in /var/www/clients/client19/web33/web/Cooperen/index.php (15)
2017/01/31 09:40:53 [fisicVotes] [status] Usuario : 1007833717 Sufragante : 1007833717
in /var/www/clients/client19/web33/web/Cooperen/protected/controllers/VotacionController.php (195)
in /var/www/clients/client19/web33/web/Cooperen/index.php (15)
2017/01/31 09:40:58 [fisicVotes] [logout] Usuario : 1007833717
in /var/www/clients/client19/web33/web/Cooperen/protected/controllers/SiteController.php (196)
in /var/www/clients/client19/web33/web/Cooperen/protected/controllers/SiteController.php (186)
in /var/www/clients/client19/web33/web/Cooperen/index.php (15)
2017/01/31 09:41:08 [fisicVotes] [loggin] Usuario : 1017160320
in /var/www/clients/client19/web33/web/Cooperen/protected/controllers/SiteController.php (129)
in /var/www/clients/client19/web33/web/Cooperen/index.php (15)
2017/01/31 09:41:19 [fisicVotes] [status] Usuario : 1017160320 Sufragante : 1010043672
in /var/www/clients/client19/web33/web/Cooperen/protected/controllers/VotacionController.php (195)
in /var/www/clients/client19/web33/web/Cooperen/index.php (15)
2017/01/31 09:41:34 [fisicVotes] [status] Usuario : 1017160320 Sufragante : 1010121669
in /var/www/clients/client19/web33/web/Cooperen/protected/controllers/VotacionController.php (195)
in /var/www/clients/client19/web33/web/Cooperen/index.php (15)
2017/01/31 09:41:48 [fisicVotes] [status] Usuario : 1017160320 Sufragante : 1011592100
in /var/www/clients/client19/web33/web/Cooperen/protected/controllers/VotacionController.php (195)
in /var/www/clients/client19/web33/web/Cooperen/index.php (15)
2017/01/31 09:41:59 [fisicVotes] [logout] Usuario : 1017160320
in /var/www/clients/client19/web33/web/Cooperen/protected/controllers/SiteController.php (196)
in /var/www/clients/client19/web33/web/Cooperen/protected/controllers/SiteController.php (186)
in /var/www/clients/client19/web33/web/Cooperen/index.php (15)
2017/01/31 10:37:35 [fisicVotes] [loggin] Usuario : 1017160320
in /var/www/clients/client19/web33/web/Cooperen/protected/controllers/SiteController.php (129)
in /var/www/clients/client19/web33/web/Cooperen/index.php (15)
2017/01/31 12:14:36 [fisicVotes] [status] Usuario : 1017160320 Sufragante : 1000294592
in /var/www/clients/client19/web33/web/Cooperen/protected/controllers/VotacionController.php (195)
in /var/www/clients/client19/web33/web/Cooperen/index.php (15)
2017/01/31 13:38:07 [fisicVotes] [logout] Usuario : 1017160320
in /var/www/clients/client19/web33/web/Cooperen/protected/controllers/SiteController.php (196)
in /var/www/clients/client19/web33/web/Cooperen/protected/controllers/SiteController.php (186)
in /var/www/clients/client19/web33/web/Cooperen/index.php (15)
2017/01/31 17:53:20 [fisicVotes] [loggin] Usuario : 1017160320
in /var/www/clients/client19/web33/web/Cooperen/protected/controllers/SiteController.php (129)
in /var/www/clients/client19/web33/web/Cooperen/index.php (15)
2017/01/31 22:10:56 [fisicVotes] [loggin] Delegado : Sebastian.Munozr
in /var/www/clients/client19/web33/web/Cooperen/protected/controllers/SiteController.php (68)
in /var/www/clients/client19/web33/web/Cooperen/index.php (15)
2017/01/31 22:11:58 [fisicVotes] [logout] Delegado : 
in /var/www/clients/client19/web33/web/Cooperen/protected/controllers/SiteController.php (205)
in /var/www/clients/client19/web33/web/Cooperen/protected/controllers/SiteController.php (186)
in /var/www/clients/client19/web33/web/Cooperen/index.php (15)
2017/01/31 22:14:44 [fisicVotes] [loggin] Delegado : Sebastian.Munozr
in /var/www/clients/client19/web33/web/Cooperen/protected/controllers/SiteController.php (68)
in /var/www/clients/client19/web33/web/Cooperen/index.php (15)
