2017/02/06 08:31:53 [fisicVotes] [loggin] Usuario : 75048006
in /var/www/clients/client19/web33/web/Cooperen/protected/controllers/SiteController.php (129)
in /var/www/clients/client19/web33/web/Cooperen/index.php (15)
2017/02/06 08:32:23 [fisicVotes] [status] Usuario : 75048006 Sufragante : 43075165
in /var/www/clients/client19/web33/web/Cooperen/protected/controllers/VotacionController.php (195)
in /var/www/clients/client19/web33/web/Cooperen/index.php (15)
2017/02/06 09:00:30 [fisicVotes] [loggin] Usuario : 75048006
in /var/www/clients/client19/web33/web/Cooperen/protected/controllers/SiteController.php (129)
in /var/www/clients/client19/web33/web/Cooperen/index.php (15)
2017/02/06 09:00:49 [fisicVotes] [status] Usuario : 75048006 Sufragante : 98453800
in /var/www/clients/client19/web33/web/Cooperen/protected/controllers/VotacionController.php (195)
in /var/www/clients/client19/web33/web/Cooperen/index.php (15)
2017/02/06 09:04:52 [fisicVotes] [loggin] Usuario : 32289880
in /var/www/clients/client19/web33/web/Cooperen/protected/controllers/SiteController.php (129)
in /var/www/clients/client19/web33/web/Cooperen/index.php (15)
2017/02/06 09:05:18 [fisicVotes] [status] Usuario : 32289880 Sufragante : 32289880
in /var/www/clients/client19/web33/web/Cooperen/protected/controllers/VotacionController.php (195)
in /var/www/clients/client19/web33/web/Cooperen/index.php (15)
2017/02/06 09:05:35 [fisicVotes] [loggin] Usuario : 32289880
in /var/www/clients/client19/web33/web/Cooperen/protected/controllers/SiteController.php (129)
in /var/www/clients/client19/web33/web/Cooperen/index.php (15)
2017/02/06 09:06:05 [fisicVotes] [loggin] Usuario : 39416319
in /var/www/clients/client19/web33/web/Cooperen/protected/controllers/SiteController.php (129)
in /var/www/clients/client19/web33/web/Cooperen/index.php (15)
2017/02/06 09:07:53 [fisicVotes] [status] Usuario : 39416319 Sufragante : 43142497
in /var/www/clients/client19/web33/web/Cooperen/protected/controllers/VotacionController.php (195)
in /var/www/clients/client19/web33/web/Cooperen/index.php (15)
2017/02/06 09:37:56 [fisicVotes] [loggin] Usuario : 32297180
in /var/www/clients/client19/web33/web/Cooperen/protected/controllers/SiteController.php (129)
in /var/www/clients/client19/web33/web/Cooperen/index.php (15)
2017/02/06 09:38:18 [fisicVotes] [status] Usuario : 32297180 Sufragante : 1038127063
in /var/www/clients/client19/web33/web/Cooperen/protected/controllers/VotacionController.php (195)
in /var/www/clients/client19/web33/web/Cooperen/index.php (15)
2017/02/06 09:45:39 [fisicVotes] [loggin] Usuario : 39416319
in /var/www/clients/client19/web33/web/Cooperen/protected/controllers/SiteController.php (129)
in /var/www/clients/client19/web33/web/Cooperen/index.php (15)
2017/02/06 09:45:52 [fisicVotes] [status] Usuario : 39416319 Sufragante : 71932733
in /var/www/clients/client19/web33/web/Cooperen/protected/controllers/VotacionController.php (195)
in /var/www/clients/client19/web33/web/Cooperen/index.php (15)
2017/02/06 10:08:31 [fisicVotes] [loggin] Usuario : 32289880
in /var/www/clients/client19/web33/web/Cooperen/protected/controllers/SiteController.php (129)
in /var/www/clients/client19/web33/web/Cooperen/index.php (15)
2017/02/06 10:15:19 [fisicVotes] [loggin] Usuario : 39416319
in /var/www/clients/client19/web33/web/Cooperen/protected/controllers/SiteController.php (129)
in /var/www/clients/client19/web33/web/Cooperen/index.php (15)
2017/02/06 10:22:25 [fisicVotes] [status] Usuario : 32297180 Sufragante : 21587043
in /var/www/clients/client19/web33/web/Cooperen/protected/controllers/VotacionController.php (195)
in /var/www/clients/client19/web33/web/Cooperen/index.php (15)
2017/02/06 10:54:09 [fisicVotes] [loggin] Usuario : 1017160320
in /var/www/clients/client19/web33/web/Cooperen/protected/controllers/SiteController.php (129)
in /var/www/clients/client19/web33/web/Cooperen/index.php (15)
2017/02/06 10:54:23 [fisicVotes] [status] Usuario : 1017160320 Sufragante : 71654307
in /var/www/clients/client19/web33/web/Cooperen/protected/controllers/VotacionController.php (195)
in /var/www/clients/client19/web33/web/Cooperen/index.php (15)
2017/02/06 10:57:40 [fisicVotes] [status] Usuario : 1017160320 Sufragante : 43411215
in /var/www/clients/client19/web33/web/Cooperen/protected/controllers/VotacionController.php (195)
in /var/www/clients/client19/web33/web/Cooperen/index.php (15)
2017/02/06 11:18:55 [fisicVotes] [status] Usuario : 75048006 Sufragante : 3629465
in /var/www/clients/client19/web33/web/Cooperen/protected/controllers/VotacionController.php (195)
in /var/www/clients/client19/web33/web/Cooperen/index.php (15)
2017/02/06 11:21:25 [fisicVotes] [status] Usuario : 1017160320 Sufragante : 17119045
in /var/www/clients/client19/web33/web/Cooperen/protected/controllers/VotacionController.php (195)
in /var/www/clients/client19/web33/web/Cooperen/index.php (15)
2017/02/06 15:03:54 [fisicVotes] [status] Usuario : 1017160320 Sufragante : 8297526
in /var/www/clients/client19/web33/web/Cooperen/protected/controllers/VotacionController.php (195)
in /var/www/clients/client19/web33/web/Cooperen/index.php (15)
2017/02/06 15:06:30 [fisicVotes] [status] Usuario : 1017160320 Sufragante : 43837560
in /var/www/clients/client19/web33/web/Cooperen/protected/controllers/VotacionController.php (195)
in /var/www/clients/client19/web33/web/Cooperen/index.php (15)
2017/02/06 15:56:48 [fisicVotes] [loggin] Usuario : 32297180
in /var/www/clients/client19/web33/web/Cooperen/protected/controllers/SiteController.php (129)
in /var/www/clients/client19/web33/web/Cooperen/index.php (15)
2017/02/06 15:57:05 [fisicVotes] [status] Usuario : 32297180 Sufragante : 36518976
in /var/www/clients/client19/web33/web/Cooperen/protected/controllers/VotacionController.php (195)
in /var/www/clients/client19/web33/web/Cooperen/index.php (15)
2017/02/06 16:06:22 [fisicVotes] [status] Usuario : 75048006 Sufragante : 3629314
in /var/www/clients/client19/web33/web/Cooperen/protected/controllers/VotacionController.php (195)
in /var/www/clients/client19/web33/web/Cooperen/index.php (15)
2017/02/06 16:08:52 [fisicVotes] [status] Usuario : 75048006 Sufragante : 3629249
in /var/www/clients/client19/web33/web/Cooperen/protected/controllers/VotacionController.php (195)
in /var/www/clients/client19/web33/web/Cooperen/index.php (15)
2017/02/06 16:14:37 [fisicVotes] [loggin] Usuario : 39416319
in /var/www/clients/client19/web33/web/Cooperen/protected/controllers/SiteController.php (129)
in /var/www/clients/client19/web33/web/Cooperen/index.php (15)
2017/02/06 16:14:49 [fisicVotes] [status] Usuario : 39416319 Sufragante : 71974607
in /var/www/clients/client19/web33/web/Cooperen/protected/controllers/VotacionController.php (195)
in /var/www/clients/client19/web33/web/Cooperen/index.php (15)
2017/02/06 16:14:58 [fisicVotes] [status] Usuario : 39416319 Sufragante : 21686781
in /var/www/clients/client19/web33/web/Cooperen/protected/controllers/VotacionController.php (195)
in /var/www/clients/client19/web33/web/Cooperen/index.php (15)
2017/02/06 16:15:08 [fisicVotes] [status] Usuario : 39416319 Sufragante : 21697399
in /var/www/clients/client19/web33/web/Cooperen/protected/controllers/VotacionController.php (195)
in /var/www/clients/client19/web33/web/Cooperen/index.php (15)
2017/02/06 16:15:24 [fisicVotes] [status] Usuario : 39416319 Sufragante : 32287781
in /var/www/clients/client19/web33/web/Cooperen/protected/controllers/VotacionController.php (195)
in /var/www/clients/client19/web33/web/Cooperen/index.php (15)
2017/02/06 16:17:25 [fisicVotes] [logout] Usuario : 32297180
in /var/www/clients/client19/web33/web/Cooperen/protected/controllers/SiteController.php (196)
in /var/www/clients/client19/web33/web/Cooperen/protected/controllers/SiteController.php (186)
in /var/www/clients/client19/web33/web/Cooperen/index.php (15)
2017/02/06 16:17:31 [fisicVotes] [loggin] Usuario : 32297180
in /var/www/clients/client19/web33/web/Cooperen/protected/controllers/SiteController.php (129)
in /var/www/clients/client19/web33/web/Cooperen/index.php (15)
2017/02/06 16:17:42 [fisicVotes] [status] Usuario : 32297180 Sufragante : 
in /var/www/clients/client19/web33/web/Cooperen/protected/controllers/VotacionController.php (195)
in /var/www/clients/client19/web33/web/Cooperen/index.php (15)
2017/02/06 16:17:45 [fisicVotes] [status] Usuario : 32297180 Sufragante : 
in /var/www/clients/client19/web33/web/Cooperen/protected/controllers/VotacionController.php (195)
in /var/www/clients/client19/web33/web/Cooperen/index.php (15)
2017/02/06 16:20:52 [fisicVotes] [status] Usuario : 32297180 Sufragante : 
in /var/www/clients/client19/web33/web/Cooperen/protected/controllers/VotacionController.php (195)
in /var/www/clients/client19/web33/web/Cooperen/index.php (15)
2017/02/06 16:40:17 [fisicVotes] [status] Usuario : 32297180 Sufragante : 71994772
in /var/www/clients/client19/web33/web/Cooperen/protected/controllers/VotacionController.php (195)
in /var/www/clients/client19/web33/web/Cooperen/index.php (15)
2017/02/06 17:09:33 [fisicVotes] [status] Usuario : 75048006 Sufragante : 7792790
in /var/www/clients/client19/web33/web/Cooperen/protected/controllers/VotacionController.php (195)
in /var/www/clients/client19/web33/web/Cooperen/index.php (15)
2017/02/06 18:03:28 [fisicVotes] [logout] Usuario : 32297180
in /var/www/clients/client19/web33/web/Cooperen/protected/controllers/SiteController.php (196)
in /var/www/clients/client19/web33/web/Cooperen/protected/controllers/SiteController.php (186)
in /var/www/clients/client19/web33/web/Cooperen/index.php (15)
