2017/02/07 08:55:58 [fisicVotes] [loggin] Usuario : 39280513
in /var/www/clients/client19/web33/web/Cooperen/protected/controllers/SiteController.php (129)
in /var/www/clients/client19/web33/web/Cooperen/index.php (15)
2017/02/07 08:56:09 [fisicVotes] [status] Usuario : 39280513 Sufragante : 15296572
in /var/www/clients/client19/web33/web/Cooperen/protected/controllers/VotacionController.php (195)
in /var/www/clients/client19/web33/web/Cooperen/index.php (15)
2017/02/07 08:56:26 [fisicVotes] [status] Usuario : 39280513 Sufragante : 15309093
in /var/www/clients/client19/web33/web/Cooperen/protected/controllers/VotacionController.php (195)
in /var/www/clients/client19/web33/web/Cooperen/index.php (15)
2017/02/07 08:56:56 [fisicVotes] [status] Usuario : 39280513 Sufragante : 8057439
in /var/www/clients/client19/web33/web/Cooperen/protected/controllers/VotacionController.php (195)
in /var/www/clients/client19/web33/web/Cooperen/index.php (15)
2017/02/07 08:57:28 [fisicVotes] [status] Usuario : 39280513 Sufragante : 39285169
in /var/www/clients/client19/web33/web/Cooperen/protected/controllers/VotacionController.php (195)
in /var/www/clients/client19/web33/web/Cooperen/index.php (15)
2017/02/07 08:58:15 [fisicVotes] [loggin] Usuario : 32297180
in /var/www/clients/client19/web33/web/Cooperen/protected/controllers/SiteController.php (129)
in /var/www/clients/client19/web33/web/Cooperen/index.php (15)
2017/02/07 08:58:32 [fisicVotes] [status] Usuario : 32297180 Sufragante : 21589453
in /var/www/clients/client19/web33/web/Cooperen/protected/controllers/VotacionController.php (195)
in /var/www/clients/client19/web33/web/Cooperen/index.php (15)
2017/02/07 08:59:47 [fisicVotes] [status] Usuario : 39280513 Sufragante : 9262840
in /var/www/clients/client19/web33/web/Cooperen/protected/controllers/VotacionController.php (195)
in /var/www/clients/client19/web33/web/Cooperen/index.php (15)
2017/02/07 09:01:33 [fisicVotes] [status] Usuario : 39280513 Sufragante : 15306857
in /var/www/clients/client19/web33/web/Cooperen/protected/controllers/VotacionController.php (195)
in /var/www/clients/client19/web33/web/Cooperen/index.php (15)
2017/02/07 09:02:36 [fisicVotes] [status] Usuario : 39280513 Sufragante : 8048581
in /var/www/clients/client19/web33/web/Cooperen/protected/controllers/VotacionController.php (195)
in /var/www/clients/client19/web33/web/Cooperen/index.php (15)
2017/02/07 09:02:58 [fisicVotes] [status] Usuario : 39280513 Sufragante : 15303955
in /var/www/clients/client19/web33/web/Cooperen/protected/controllers/VotacionController.php (195)
in /var/www/clients/client19/web33/web/Cooperen/index.php (15)
2017/02/07 09:03:17 [fisicVotes] [status] Usuario : 39280513 Sufragante : 15307890
in /var/www/clients/client19/web33/web/Cooperen/protected/controllers/VotacionController.php (195)
in /var/www/clients/client19/web33/web/Cooperen/index.php (15)
2017/02/07 09:04:19 [fisicVotes] [status] Usuario : 39280513 Sufragante : 8049403
in /var/www/clients/client19/web33/web/Cooperen/protected/controllers/VotacionController.php (195)
in /var/www/clients/client19/web33/web/Cooperen/index.php (15)
2017/02/07 09:08:19 [fisicVotes] [status] Usuario : 39280513 Sufragante : 39267105
in /var/www/clients/client19/web33/web/Cooperen/protected/controllers/VotacionController.php (195)
in /var/www/clients/client19/web33/web/Cooperen/index.php (15)
2017/02/07 09:08:31 [fisicVotes] [status] Usuario : 39280513 Sufragante : 39271578
in /var/www/clients/client19/web33/web/Cooperen/protected/controllers/VotacionController.php (195)
in /var/www/clients/client19/web33/web/Cooperen/index.php (15)
2017/02/07 09:09:12 [fisicVotes] [status] Usuario : 39280513 Sufragante : 39270206
in /var/www/clients/client19/web33/web/Cooperen/protected/controllers/VotacionController.php (195)
in /var/www/clients/client19/web33/web/Cooperen/index.php (15)
2017/02/07 09:09:35 [fisicVotes] [status] Usuario : 39280513 Sufragante : 39270270
in /var/www/clients/client19/web33/web/Cooperen/protected/controllers/VotacionController.php (195)
in /var/www/clients/client19/web33/web/Cooperen/index.php (15)
2017/02/07 09:14:48 [fisicVotes] [status] Usuario : 39280513 Sufragante : 35030035
in /var/www/clients/client19/web33/web/Cooperen/protected/controllers/VotacionController.php (195)
in /var/www/clients/client19/web33/web/Cooperen/index.php (15)
2017/02/07 09:16:15 [fisicVotes] [status] Usuario : 39280513 Sufragante : 39277252
in /var/www/clients/client19/web33/web/Cooperen/protected/controllers/VotacionController.php (195)
in /var/www/clients/client19/web33/web/Cooperen/index.php (15)
2017/02/07 09:16:31 [fisicVotes] [status] Usuario : 39280513 Sufragante : 39277371
in /var/www/clients/client19/web33/web/Cooperen/protected/controllers/VotacionController.php (195)
in /var/www/clients/client19/web33/web/Cooperen/index.php (15)
2017/02/07 09:16:58 [fisicVotes] [status] Usuario : 39280513 Sufragante : 39273512
in /var/www/clients/client19/web33/web/Cooperen/protected/controllers/VotacionController.php (195)
in /var/www/clients/client19/web33/web/Cooperen/index.php (15)
2017/02/07 09:17:58 [fisicVotes] [status] Usuario : 39280513 Sufragante : 39276125
in /var/www/clients/client19/web33/web/Cooperen/protected/controllers/VotacionController.php (195)
in /var/www/clients/client19/web33/web/Cooperen/index.php (15)
2017/02/07 09:20:56 [fisicVotes] [status] Usuario : 39280513 Sufragante : 1066731562
in /var/www/clients/client19/web33/web/Cooperen/protected/controllers/VotacionController.php (195)
in /var/www/clients/client19/web33/web/Cooperen/index.php (15)
2017/02/07 11:31:41 [fisicVotes] [status] Usuario : 32297180 Sufragante : 8030588
in /var/www/clients/client19/web33/web/Cooperen/protected/controllers/VotacionController.php (195)
in /var/www/clients/client19/web33/web/Cooperen/index.php (15)
2017/02/07 11:59:32 [fisicVotes] [logout] Usuario : 32297180
in /var/www/clients/client19/web33/web/Cooperen/protected/controllers/SiteController.php (196)
in /var/www/clients/client19/web33/web/Cooperen/protected/controllers/SiteController.php (186)
in /var/www/clients/client19/web33/web/Cooperen/index.php (15)
2017/02/07 12:09:30 [fisicVotes] [loggin] Usuario : 1017160320
in /var/www/clients/client19/web33/web/Cooperen/protected/controllers/SiteController.php (129)
in /var/www/clients/client19/web33/web/Cooperen/index.php (15)
2017/02/07 12:09:43 [fisicVotes] [status] Usuario : 1017160320 Sufragante : 3323116
in /var/www/clients/client19/web33/web/Cooperen/protected/controllers/VotacionController.php (195)
in /var/www/clients/client19/web33/web/Cooperen/index.php (15)
2017/02/07 12:10:23 [fisicVotes] [status] Usuario : 1017160320 Sufragante : 32432818
in /var/www/clients/client19/web33/web/Cooperen/protected/controllers/VotacionController.php (195)
in /var/www/clients/client19/web33/web/Cooperen/index.php (15)
2017/02/07 12:41:40 [fisicVotes] [status] Usuario : 1017160320 Sufragante : 70470483
in /var/www/clients/client19/web33/web/Cooperen/protected/controllers/VotacionController.php (195)
in /var/www/clients/client19/web33/web/Cooperen/index.php (15)
2017/02/07 14:06:14 [fisicVotes] [loggin] Usuario : 39416319
in /var/www/clients/client19/web33/web/Cooperen/protected/controllers/SiteController.php (129)
in /var/www/clients/client19/web33/web/Cooperen/index.php (15)
2017/02/07 14:06:27 [fisicVotes] [status] Usuario : 39416319 Sufragante : 15368406
in /var/www/clients/client19/web33/web/Cooperen/protected/controllers/VotacionController.php (195)
in /var/www/clients/client19/web33/web/Cooperen/index.php (15)
2017/02/07 14:06:42 [fisicVotes] [status] Usuario : 39416319 Sufragante : 8436569
in /var/www/clients/client19/web33/web/Cooperen/protected/controllers/VotacionController.php (195)
in /var/www/clients/client19/web33/web/Cooperen/index.php (15)
2017/02/07 14:06:55 [fisicVotes] [status] Usuario : 39416319 Sufragante : 32288474
in /var/www/clients/client19/web33/web/Cooperen/protected/controllers/VotacionController.php (195)
in /var/www/clients/client19/web33/web/Cooperen/index.php (15)
2017/02/07 14:07:08 [fisicVotes] [status] Usuario : 39416319 Sufragante : 98618328
in /var/www/clients/client19/web33/web/Cooperen/protected/controllers/VotacionController.php (195)
in /var/www/clients/client19/web33/web/Cooperen/index.php (15)
2017/02/07 14:18:14 [fisicVotes] [loggin] Usuario : 39416319
in /var/www/clients/client19/web33/web/Cooperen/protected/controllers/SiteController.php (129)
in /var/www/clients/client19/web33/web/Cooperen/index.php (15)
2017/02/07 14:36:08 [fisicVotes] [loggin] Usuario : 32297180
in /var/www/clients/client19/web33/web/Cooperen/protected/controllers/SiteController.php (129)
in /var/www/clients/client19/web33/web/Cooperen/index.php (15)
2017/02/07 14:36:52 [fisicVotes] [status] Usuario : 32297180 Sufragante : 50943937
in /var/www/clients/client19/web33/web/Cooperen/protected/controllers/VotacionController.php (195)
in /var/www/clients/client19/web33/web/Cooperen/index.php (15)
2017/02/07 14:44:48 [fisicVotes] [loggin] Usuario : 75048006
in /var/www/clients/client19/web33/web/Cooperen/protected/controllers/SiteController.php (129)
in /var/www/clients/client19/web33/web/Cooperen/index.php (15)
2017/02/07 15:35:29 [fisicVotes] [loggin] Usuario : 32297180
in /var/www/clients/client19/web33/web/Cooperen/protected/controllers/SiteController.php (129)
in /var/www/clients/client19/web33/web/Cooperen/index.php (15)
2017/02/07 15:35:51 [fisicVotes] [status] Usuario : 32297180 Sufragante : 98674359
in /var/www/clients/client19/web33/web/Cooperen/protected/controllers/VotacionController.php (195)
in /var/www/clients/client19/web33/web/Cooperen/index.php (15)
2017/02/07 15:35:59 [fisicVotes] [status] Usuario : 32297180 Sufragante : 3424462
in /var/www/clients/client19/web33/web/Cooperen/protected/controllers/VotacionController.php (195)
in /var/www/clients/client19/web33/web/Cooperen/index.php (15)
2017/02/07 16:44:03 [fisicVotes] [loggin] Usuario : 1017160320
in /var/www/clients/client19/web33/web/Cooperen/protected/controllers/SiteController.php (129)
in /var/www/clients/client19/web33/web/Cooperen/index.php (15)
2017/02/07 16:44:14 [fisicVotes] [status] Usuario : 1017160320 Sufragante : 21682943
in /var/www/clients/client19/web33/web/Cooperen/protected/controllers/VotacionController.php (195)
in /var/www/clients/client19/web33/web/Cooperen/index.php (15)
2017/02/07 17:01:47 [fisicVotes] [loggin] Usuario : 75048006
in /var/www/clients/client19/web33/web/Cooperen/protected/controllers/SiteController.php (129)
in /var/www/clients/client19/web33/web/Cooperen/index.php (15)
2017/02/07 17:04:49 [fisicVotes] [status] Usuario : 75048006 Sufragante : 22136440
in /var/www/clients/client19/web33/web/Cooperen/protected/controllers/VotacionController.php (195)
in /var/www/clients/client19/web33/web/Cooperen/index.php (15)
