2017/02/09 08:36:09 [fisicVotes] [loggin] Usuario : 75048006
in /var/www/clients/client19/web33/web/Cooperen/protected/controllers/SiteController.php (129)
in /var/www/clients/client19/web33/web/Cooperen/index.php (15)
2017/02/09 08:36:58 [fisicVotes] [status] Usuario : 75048006 Sufragante : 22135782
in /var/www/clients/client19/web33/web/Cooperen/protected/controllers/VotacionController.php (195)
in /var/www/clients/client19/web33/web/Cooperen/index.php (15)
2017/02/09 08:41:16 [fisicVotes] [loggin] Usuario : 39280513
in /var/www/clients/client19/web33/web/Cooperen/protected/controllers/SiteController.php (129)
in /var/www/clients/client19/web33/web/Cooperen/index.php (15)
2017/02/09 08:42:18 [fisicVotes] [status] Usuario : 75048006 Sufragante : 42745441
in /var/www/clients/client19/web33/web/Cooperen/protected/controllers/VotacionController.php (195)
in /var/www/clients/client19/web33/web/Cooperen/index.php (15)
2017/02/09 08:44:17 [fisicVotes] [status] Usuario : 39280513 Sufragante : 8045793
in /var/www/clients/client19/web33/web/Cooperen/protected/controllers/VotacionController.php (195)
in /var/www/clients/client19/web33/web/Cooperen/index.php (15)
2017/02/09 08:44:30 [fisicVotes] [status] Usuario : 39280513 Sufragante : 8055385
in /var/www/clients/client19/web33/web/Cooperen/protected/controllers/VotacionController.php (195)
in /var/www/clients/client19/web33/web/Cooperen/index.php (15)
2017/02/09 08:45:32 [fisicVotes] [status] Usuario : 39280513 Sufragante : 15301236
in /var/www/clients/client19/web33/web/Cooperen/protected/controllers/VotacionController.php (195)
in /var/www/clients/client19/web33/web/Cooperen/index.php (15)
2017/02/09 08:50:51 [fisicVotes] [status] Usuario : 39280513 Sufragante : 15309013
in /var/www/clients/client19/web33/web/Cooperen/protected/controllers/VotacionController.php (195)
in /var/www/clients/client19/web33/web/Cooperen/index.php (15)
2017/02/09 08:51:22 [fisicVotes] [status] Usuario : 39280513 Sufragante : 15309732
in /var/www/clients/client19/web33/web/Cooperen/protected/controllers/VotacionController.php (195)
in /var/www/clients/client19/web33/web/Cooperen/index.php (15)
2017/02/09 08:51:49 [fisicVotes] [status] Usuario : 39280513 Sufragante : 23007622
in /var/www/clients/client19/web33/web/Cooperen/protected/controllers/VotacionController.php (195)
in /var/www/clients/client19/web33/web/Cooperen/index.php (15)
2017/02/09 08:52:24 [fisicVotes] [status] Usuario : 39280513 Sufragante : 23099716
in /var/www/clients/client19/web33/web/Cooperen/protected/controllers/VotacionController.php (195)
in /var/www/clients/client19/web33/web/Cooperen/index.php (15)
2017/02/09 08:52:43 [fisicVotes] [status] Usuario : 39280513 Sufragante : 25991122
in /var/www/clients/client19/web33/web/Cooperen/protected/controllers/VotacionController.php (195)
in /var/www/clients/client19/web33/web/Cooperen/index.php (15)
2017/02/09 08:53:12 [fisicVotes] [status] Usuario : 39280513 Sufragante : 39271411
in /var/www/clients/client19/web33/web/Cooperen/protected/controllers/VotacionController.php (195)
in /var/www/clients/client19/web33/web/Cooperen/index.php (15)
2017/02/09 08:53:37 [fisicVotes] [status] Usuario : 39280513 Sufragante : 39271652
in /var/www/clients/client19/web33/web/Cooperen/protected/controllers/VotacionController.php (195)
in /var/www/clients/client19/web33/web/Cooperen/index.php (15)
2017/02/09 08:54:52 [fisicVotes] [status] Usuario : 39280513 Sufragante : 34991316
in /var/www/clients/client19/web33/web/Cooperen/protected/controllers/VotacionController.php (195)
in /var/www/clients/client19/web33/web/Cooperen/index.php (15)
2017/02/09 08:55:11 [fisicVotes] [status] Usuario : 39280513 Sufragante : 39268096
in /var/www/clients/client19/web33/web/Cooperen/protected/controllers/VotacionController.php (195)
in /var/www/clients/client19/web33/web/Cooperen/index.php (15)
2017/02/09 08:55:37 [fisicVotes] [status] Usuario : 39280513 Sufragante : 39270910
in /var/www/clients/client19/web33/web/Cooperen/protected/controllers/VotacionController.php (195)
in /var/www/clients/client19/web33/web/Cooperen/index.php (15)
2017/02/09 08:56:04 [fisicVotes] [status] Usuario : 39280513 Sufragante : 39284987
in /var/www/clients/client19/web33/web/Cooperen/protected/controllers/VotacionController.php (195)
in /var/www/clients/client19/web33/web/Cooperen/index.php (15)
2017/02/09 08:56:28 [fisicVotes] [status] Usuario : 39280513 Sufragante : 39273164
in /var/www/clients/client19/web33/web/Cooperen/protected/controllers/VotacionController.php (195)
in /var/www/clients/client19/web33/web/Cooperen/index.php (15)
2017/02/09 08:56:50 [fisicVotes] [status] Usuario : 39280513 Sufragante : 39277235
in /var/www/clients/client19/web33/web/Cooperen/protected/controllers/VotacionController.php (195)
in /var/www/clients/client19/web33/web/Cooperen/index.php (15)
2017/02/09 08:57:20 [fisicVotes] [status] Usuario : 39280513 Sufragante : 39277827
in /var/www/clients/client19/web33/web/Cooperen/protected/controllers/VotacionController.php (195)
in /var/www/clients/client19/web33/web/Cooperen/index.php (15)
2017/02/09 08:57:49 [fisicVotes] [status] Usuario : 39280513 Sufragante : 39287194
in /var/www/clients/client19/web33/web/Cooperen/protected/controllers/VotacionController.php (195)
in /var/www/clients/client19/web33/web/Cooperen/index.php (15)
2017/02/09 08:58:25 [fisicVotes] [status] Usuario : 39280513 Sufragante : 39283632
in /var/www/clients/client19/web33/web/Cooperen/protected/controllers/VotacionController.php (195)
in /var/www/clients/client19/web33/web/Cooperen/index.php (15)
2017/02/09 08:59:03 [fisicVotes] [status] Usuario : 39280513 Sufragante : 39280860
in /var/www/clients/client19/web33/web/Cooperen/protected/controllers/VotacionController.php (195)
in /var/www/clients/client19/web33/web/Cooperen/index.php (15)
2017/02/09 08:59:36 [fisicVotes] [status] Usuario : 39280513 Sufragante : 50946028
in /var/www/clients/client19/web33/web/Cooperen/protected/controllers/VotacionController.php (195)
in /var/www/clients/client19/web33/web/Cooperen/index.php (15)
2017/02/09 09:00:07 [fisicVotes] [status] Usuario : 39280513 Sufragante : 43036444
in /var/www/clients/client19/web33/web/Cooperen/protected/controllers/VotacionController.php (195)
in /var/www/clients/client19/web33/web/Cooperen/index.php (15)
2017/02/09 09:00:30 [fisicVotes] [status] Usuario : 39280513 Sufragante : 98530606
in /var/www/clients/client19/web33/web/Cooperen/protected/controllers/VotacionController.php (195)
in /var/www/clients/client19/web33/web/Cooperen/index.php (15)
2017/02/09 09:00:52 [fisicVotes] [status] Usuario : 39280513 Sufragante : 78293005
in /var/www/clients/client19/web33/web/Cooperen/protected/controllers/VotacionController.php (195)
in /var/www/clients/client19/web33/web/Cooperen/index.php (15)
2017/02/09 09:01:23 [fisicVotes] [status] Usuario : 39280513 Sufragante : 98657261
in /var/www/clients/client19/web33/web/Cooperen/protected/controllers/VotacionController.php (195)
in /var/www/clients/client19/web33/web/Cooperen/index.php (15)
2017/02/09 09:01:45 [fisicVotes] [status] Usuario : 39280513 Sufragante : 1007112775
in /var/www/clients/client19/web33/web/Cooperen/protected/controllers/VotacionController.php (195)
in /var/www/clients/client19/web33/web/Cooperen/index.php (15)
2017/02/09 09:02:12 [fisicVotes] [status] Usuario : 39280513 Sufragante : 1038105190
in /var/www/clients/client19/web33/web/Cooperen/protected/controllers/VotacionController.php (195)
in /var/www/clients/client19/web33/web/Cooperen/index.php (15)
2017/02/09 09:03:19 [fisicVotes] [status] Usuario : 39280513 Sufragante : 1038126174
in /var/www/clients/client19/web33/web/Cooperen/protected/controllers/VotacionController.php (195)
in /var/www/clients/client19/web33/web/Cooperen/index.php (15)
2017/02/09 11:04:20 [fisicVotes] [loggin] Usuario : 39416319
in /var/www/clients/client19/web33/web/Cooperen/protected/controllers/SiteController.php (129)
in /var/www/clients/client19/web33/web/Cooperen/index.php (15)
2017/02/09 11:27:26 [fisicVotes] [status] Usuario : 39416319 Sufragante : 8339702
in /var/www/clients/client19/web33/web/Cooperen/protected/controllers/VotacionController.php (195)
in /var/www/clients/client19/web33/web/Cooperen/index.php (15)
2017/02/09 11:27:44 [fisicVotes] [status] Usuario : 39416319 Sufragante : 71784629
in /var/www/clients/client19/web33/web/Cooperen/protected/controllers/VotacionController.php (195)
in /var/www/clients/client19/web33/web/Cooperen/index.php (15)
2017/02/09 11:29:34 [fisicVotes] [status] Usuario : 39416319 Sufragante : 15367274
in /var/www/clients/client19/web33/web/Cooperen/protected/controllers/VotacionController.php (195)
in /var/www/clients/client19/web33/web/Cooperen/index.php (15)
2017/02/09 12:03:17 [fisicVotes] [loggin] Usuario : 1017160320
in /var/www/clients/client19/web33/web/Cooperen/protected/controllers/SiteController.php (129)
in /var/www/clients/client19/web33/web/Cooperen/index.php (15)
2017/02/09 12:03:33 [fisicVotes] [status] Usuario : 1017160320 Sufragante : 43285489
in /var/www/clients/client19/web33/web/Cooperen/protected/controllers/VotacionController.php (195)
in /var/www/clients/client19/web33/web/Cooperen/index.php (15)
2017/02/09 13:10:42 [fisicVotes] [status] Usuario : 1017160320 Sufragante : 8246255
in /var/www/clients/client19/web33/web/Cooperen/protected/controllers/VotacionController.php (195)
in /var/www/clients/client19/web33/web/Cooperen/index.php (15)
2017/02/09 14:12:39 [fisicVotes] [loggin] Usuario : 1017160320       
in /var/www/clients/client19/web33/web/Cooperen/protected/controllers/SiteController.php (129)
in /var/www/clients/client19/web33/web/Cooperen/index.php (15)
2017/02/09 14:12:57 [fisicVotes] [status] Usuario : 1017160320 Sufragante : 43729236
in /var/www/clients/client19/web33/web/Cooperen/protected/controllers/VotacionController.php (195)
in /var/www/clients/client19/web33/web/Cooperen/index.php (15)
2017/02/09 14:13:02 [fisicVotes] [logout] Usuario : 1017160320
in /var/www/clients/client19/web33/web/Cooperen/protected/controllers/SiteController.php (196)
in /var/www/clients/client19/web33/web/Cooperen/protected/controllers/SiteController.php (186)
in /var/www/clients/client19/web33/web/Cooperen/index.php (15)
2017/02/09 14:35:17 [fisicVotes] [loggin] Usuario : 1017160320
in /var/www/clients/client19/web33/web/Cooperen/protected/controllers/SiteController.php (129)
in /var/www/clients/client19/web33/web/Cooperen/index.php (15)
2017/02/09 14:35:28 [fisicVotes] [status] Usuario : 1017160320 Sufragante : 32410969
in /var/www/clients/client19/web33/web/Cooperen/protected/controllers/VotacionController.php (195)
in /var/www/clients/client19/web33/web/Cooperen/index.php (15)
2017/02/09 14:40:49 [fisicVotes] [status] Usuario : 1017160320 Sufragante : 32508100
in /var/www/clients/client19/web33/web/Cooperen/protected/controllers/VotacionController.php (195)
in /var/www/clients/client19/web33/web/Cooperen/index.php (15)
2017/02/09 14:44:48 [fisicVotes] [status] Usuario : 1017160320 Sufragante : 70325522
in /var/www/clients/client19/web33/web/Cooperen/protected/controllers/VotacionController.php (195)
in /var/www/clients/client19/web33/web/Cooperen/index.php (15)
2017/02/09 15:31:47 [fisicVotes] [loggin] Usuario : 32297180
in /var/www/clients/client19/web33/web/Cooperen/protected/controllers/SiteController.php (129)
in /var/www/clients/client19/web33/web/Cooperen/index.php (15)
2017/02/09 15:32:19 [fisicVotes] [status] Usuario : 32297180 Sufragante : 98614865
in /var/www/clients/client19/web33/web/Cooperen/protected/controllers/VotacionController.php (195)
in /var/www/clients/client19/web33/web/Cooperen/index.php (15)
2017/02/09 15:32:35 [fisicVotes] [status] Usuario : 32297180 Sufragante : 1045417297
in /var/www/clients/client19/web33/web/Cooperen/protected/controllers/VotacionController.php (195)
in /var/www/clients/client19/web33/web/Cooperen/index.php (15)
2017/02/09 15:36:28 [fisicVotes] [loggin] Usuario : 39416319
in /var/www/clients/client19/web33/web/Cooperen/protected/controllers/SiteController.php (129)
in /var/www/clients/client19/web33/web/Cooperen/index.php (15)
2017/02/09 15:36:41 [fisicVotes] [status] Usuario : 39416319 Sufragante : 1038796990
in /var/www/clients/client19/web33/web/Cooperen/protected/controllers/VotacionController.php (195)
in /var/www/clients/client19/web33/web/Cooperen/index.php (15)
2017/02/09 15:37:04 [fisicVotes] [status] Usuario : 39416319 Sufragante : 32358490
in /var/www/clients/client19/web33/web/Cooperen/protected/controllers/VotacionController.php (195)
in /var/www/clients/client19/web33/web/Cooperen/index.php (15)
2017/02/09 16:05:32 [fisicVotes] [status] Usuario : 39416319 Sufragante : 8027052
in /var/www/clients/client19/web33/web/Cooperen/protected/controllers/VotacionController.php (195)
in /var/www/clients/client19/web33/web/Cooperen/index.php (15)
2017/02/09 16:05:50 [fisicVotes] [status] Usuario : 39416319 Sufragante : 32287108
in /var/www/clients/client19/web33/web/Cooperen/protected/controllers/VotacionController.php (195)
in /var/www/clients/client19/web33/web/Cooperen/index.php (15)
2017/02/09 16:06:13 [fisicVotes] [status] Usuario : 1017160320 Sufragante : 6786954
in /var/www/clients/client19/web33/web/Cooperen/protected/controllers/VotacionController.php (195)
in /var/www/clients/client19/web33/web/Cooperen/index.php (15)
2017/02/09 16:29:24 [fisicVotes] [status] Usuario : 1017160320 Sufragante : 71622430
in /var/www/clients/client19/web33/web/Cooperen/protected/controllers/VotacionController.php (195)
in /var/www/clients/client19/web33/web/Cooperen/index.php (15)
2017/02/09 17:03:50 [fisicVotes] [status] Usuario : 32297180 Sufragante : 21588677
in /var/www/clients/client19/web33/web/Cooperen/protected/controllers/VotacionController.php (195)
in /var/www/clients/client19/web33/web/Cooperen/index.php (15)
2017/02/09 17:19:04 [fisicVotes] [loggin] Usuario : 39280513
in /var/www/clients/client19/web33/web/Cooperen/protected/controllers/SiteController.php (129)
in /var/www/clients/client19/web33/web/Cooperen/index.php (15)
2017/02/09 17:20:37 [fisicVotes] [status] Usuario : 39280513 Sufragante : 39278707
in /var/www/clients/client19/web33/web/Cooperen/protected/controllers/VotacionController.php (195)
in /var/www/clients/client19/web33/web/Cooperen/index.php (15)
