2017/02/01 08:21:03 [fisicVotes] [loggin] Usuario : 42655083
in /var/www/clients/client19/web33/web/Cooperen/protected/controllers/SiteController.php (129)
in /var/www/clients/client19/web33/web/Cooperen/index.php (15)
2017/02/01 08:23:07 [fisicVotes] [status] Usuario : 42655083 Sufragante : 6870705
in /var/www/clients/client19/web33/web/Cooperen/protected/controllers/VotacionController.php (195)
in /var/www/clients/client19/web33/web/Cooperen/index.php (15)
2017/02/01 08:48:03 [fisicVotes] [loggin] Usuario : 1017160320
in /var/www/clients/client19/web33/web/Cooperen/protected/controllers/SiteController.php (129)
in /var/www/clients/client19/web33/web/Cooperen/index.php (15)
2017/02/01 08:48:57 [fisicVotes] [logout] Usuario : 1017160320
in /var/www/clients/client19/web33/web/Cooperen/protected/controllers/SiteController.php (196)
in /var/www/clients/client19/web33/web/Cooperen/protected/controllers/SiteController.php (186)
in /var/www/clients/client19/web33/web/Cooperen/index.php (15)
2017/02/01 08:49:11 [fisicVotes] [loggin] Usuario : 1017160320
in /var/www/clients/client19/web33/web/Cooperen/protected/controllers/SiteController.php (129)
in /var/www/clients/client19/web33/web/Cooperen/index.php (15)
2017/02/01 09:24:42 [fisicVotes] [loggin] Usuario : 42655083
in /var/www/clients/client19/web33/web/Cooperen/protected/controllers/SiteController.php (129)
in /var/www/clients/client19/web33/web/Cooperen/index.php (15)
2017/02/01 09:25:05 [fisicVotes] [status] Usuario : 42655083 Sufragante : 42653237
in /var/www/clients/client19/web33/web/Cooperen/protected/controllers/VotacionController.php (195)
in /var/www/clients/client19/web33/web/Cooperen/index.php (15)
2017/02/01 09:30:37 [fisicVotes] [status] Usuario : 42655083 Sufragante : 70522087
in /var/www/clients/client19/web33/web/Cooperen/protected/controllers/VotacionController.php (195)
in /var/www/clients/client19/web33/web/Cooperen/index.php (15)
2017/02/01 09:40:37 [fisicVotes] [loggin] Usuario : 24397826
in /var/www/clients/client19/web33/web/Cooperen/protected/controllers/SiteController.php (129)
in /var/www/clients/client19/web33/web/Cooperen/index.php (15)
2017/02/01 09:41:28 [fisicVotes] [status] Usuario : 24397826 Sufragante : 32280200
in /var/www/clients/client19/web33/web/Cooperen/protected/controllers/VotacionController.php (195)
in /var/www/clients/client19/web33/web/Cooperen/index.php (15)
2017/02/01 09:55:31 [fisicVotes] [loggin] Usuario : 24397826
in /var/www/clients/client19/web33/web/Cooperen/protected/controllers/SiteController.php (129)
in /var/www/clients/client19/web33/web/Cooperen/index.php (15)
2017/02/01 09:56:09 [fisicVotes] [status] Usuario : 24397826 Sufragante : 8308226
in /var/www/clients/client19/web33/web/Cooperen/protected/controllers/VotacionController.php (195)
in /var/www/clients/client19/web33/web/Cooperen/index.php (15)
2017/02/01 09:59:32 [fisicVotes] [status] Usuario : 24397826 Sufragante : 39386335
in /var/www/clients/client19/web33/web/Cooperen/protected/controllers/VotacionController.php (195)
in /var/www/clients/client19/web33/web/Cooperen/index.php (15)
2017/02/01 10:04:52 [fisicVotes] [loggin] Usuario : 39416319
in /var/www/clients/client19/web33/web/Cooperen/protected/controllers/SiteController.php (129)
in /var/www/clients/client19/web33/web/Cooperen/index.php (15)
2017/02/01 10:05:21 [fisicVotes] [status] Usuario : 39416319 Sufragante : 39416319
in /var/www/clients/client19/web33/web/Cooperen/protected/controllers/VotacionController.php (195)
in /var/www/clients/client19/web33/web/Cooperen/index.php (15)
2017/02/01 10:06:30 [fisicVotes] [status] Usuario : 42655083 Sufragante : 11032728
in /var/www/clients/client19/web33/web/Cooperen/protected/controllers/VotacionController.php (195)
in /var/www/clients/client19/web33/web/Cooperen/index.php (15)
2017/02/01 10:13:40 [fisicVotes] [status] Usuario : 42655083 Sufragante : 33158704
in /var/www/clients/client19/web33/web/Cooperen/protected/controllers/VotacionController.php (195)
in /var/www/clients/client19/web33/web/Cooperen/index.php (15)
2017/02/01 10:18:12 [fisicVotes] [status] Usuario : 24397826 Sufragante : 22197804
in /var/www/clients/client19/web33/web/Cooperen/protected/controllers/VotacionController.php (195)
in /var/www/clients/client19/web33/web/Cooperen/index.php (15)
2017/02/01 10:26:32 [fisicVotes] [status] Usuario : 42655083 Sufragante : 1588405
in /var/www/clients/client19/web33/web/Cooperen/protected/controllers/VotacionController.php (195)
in /var/www/clients/client19/web33/web/Cooperen/index.php (15)
2017/02/01 10:28:41 [fisicVotes] [status] Usuario : 42655083 Sufragante : 32460244
in /var/www/clients/client19/web33/web/Cooperen/protected/controllers/VotacionController.php (195)
in /var/www/clients/client19/web33/web/Cooperen/index.php (15)
2017/02/01 10:35:25 [fisicVotes] [status] Usuario : 42655083 Sufragante : 42652124
in /var/www/clients/client19/web33/web/Cooperen/protected/controllers/VotacionController.php (195)
in /var/www/clients/client19/web33/web/Cooperen/index.php (15)
2017/02/01 10:35:47 [fisicVotes] [status] Usuario : 39416319 Sufragante : 18933176
in /var/www/clients/client19/web33/web/Cooperen/protected/controllers/VotacionController.php (195)
in /var/www/clients/client19/web33/web/Cooperen/index.php (15)
2017/02/01 10:36:05 [fisicVotes] [status] Usuario : 39416319 Sufragante : 21686919
in /var/www/clients/client19/web33/web/Cooperen/protected/controllers/VotacionController.php (195)
in /var/www/clients/client19/web33/web/Cooperen/index.php (15)
2017/02/01 10:36:21 [fisicVotes] [status] Usuario : 39416319 Sufragante : 32287066
in /var/www/clients/client19/web33/web/Cooperen/protected/controllers/VotacionController.php (195)
in /var/www/clients/client19/web33/web/Cooperen/index.php (15)
2017/02/01 10:36:34 [fisicVotes] [status] Usuario : 39416319 Sufragante : 71975433
in /var/www/clients/client19/web33/web/Cooperen/protected/controllers/VotacionController.php (195)
in /var/www/clients/client19/web33/web/Cooperen/index.php (15)
2017/02/01 10:36:51 [fisicVotes] [status] Usuario : 39416319 Sufragante : 21686839
in /var/www/clients/client19/web33/web/Cooperen/protected/controllers/VotacionController.php (195)
in /var/www/clients/client19/web33/web/Cooperen/index.php (15)
2017/02/01 10:39:10 [fisicVotes] [status] Usuario : 24397826 Sufragante : 1041610682
in /var/www/clients/client19/web33/web/Cooperen/protected/controllers/VotacionController.php (195)
in /var/www/clients/client19/web33/web/Cooperen/index.php (15)
2017/02/01 11:05:02 [fisicVotes] [status] Usuario : 39416319 Sufragante : 43868198
in /var/www/clients/client19/web33/web/Cooperen/protected/controllers/VotacionController.php (195)
in /var/www/clients/client19/web33/web/Cooperen/index.php (15)
2017/02/01 11:49:49 [fisicVotes] [status] Usuario : 42655083 Sufragante : 42651097
in /var/www/clients/client19/web33/web/Cooperen/protected/controllers/VotacionController.php (195)
in /var/www/clients/client19/web33/web/Cooperen/index.php (15)
2017/02/01 11:50:27 [fisicVotes] [status] Usuario : 42655083 Sufragante : 25856408
in /var/www/clients/client19/web33/web/Cooperen/protected/controllers/VotacionController.php (195)
in /var/www/clients/client19/web33/web/Cooperen/index.php (15)
2017/02/01 13:53:56 [fisicVotes] [loggin] Usuario : 39416319
in /var/www/clients/client19/web33/web/Cooperen/protected/controllers/SiteController.php (129)
in /var/www/clients/client19/web33/web/Cooperen/index.php (15)
2017/02/01 14:24:32 [fisicVotes] [loggin] Usuario : 42655083
in /var/www/clients/client19/web33/web/Cooperen/protected/controllers/SiteController.php (129)
in /var/www/clients/client19/web33/web/Cooperen/index.php (15)
2017/02/01 14:24:47 [fisicVotes] [status] Usuario : 42655083 Sufragante : 6686921
in /var/www/clients/client19/web33/web/Cooperen/protected/controllers/VotacionController.php (195)
in /var/www/clients/client19/web33/web/Cooperen/index.php (15)
2017/02/01 14:25:01 [fisicVotes] [loggin] Usuario : 32297180
in /var/www/clients/client19/web33/web/Cooperen/protected/controllers/SiteController.php (129)
in /var/www/clients/client19/web33/web/Cooperen/index.php (15)
2017/02/01 14:25:36 [fisicVotes] [status] Usuario : 32297180 Sufragante : 1042771246
in /var/www/clients/client19/web33/web/Cooperen/protected/controllers/VotacionController.php (195)
in /var/www/clients/client19/web33/web/Cooperen/index.php (15)
2017/02/01 14:26:02 [fisicVotes] [status] Usuario : 32297180 Sufragante : 3422725
in /var/www/clients/client19/web33/web/Cooperen/protected/controllers/VotacionController.php (195)
in /var/www/clients/client19/web33/web/Cooperen/index.php (15)
2017/02/01 14:26:21 [fisicVotes] [logout] Usuario : 32297180
in /var/www/clients/client19/web33/web/Cooperen/protected/controllers/SiteController.php (196)
in /var/www/clients/client19/web33/web/Cooperen/protected/controllers/SiteController.php (186)
in /var/www/clients/client19/web33/web/Cooperen/index.php (15)
2017/02/01 14:36:57 [fisicVotes] [loggin] Usuario : 32297180
in /var/www/clients/client19/web33/web/Cooperen/protected/controllers/SiteController.php (129)
in /var/www/clients/client19/web33/web/Cooperen/index.php (15)
2017/02/01 14:37:54 [fisicVotes] [status] Usuario : 32297180 Sufragante : 43546446
in /var/www/clients/client19/web33/web/Cooperen/protected/controllers/VotacionController.php (195)
in /var/www/clients/client19/web33/web/Cooperen/index.php (15)
2017/02/01 14:48:32 [fisicVotes] [logout] Usuario : 32297180
in /var/www/clients/client19/web33/web/Cooperen/protected/controllers/SiteController.php (196)
in /var/www/clients/client19/web33/web/Cooperen/protected/controllers/SiteController.php (186)
in /var/www/clients/client19/web33/web/Cooperen/index.php (15)
2017/02/01 14:53:04 [fisicVotes] [loggin] Usuario : 32297180
in /var/www/clients/client19/web33/web/Cooperen/protected/controllers/SiteController.php (129)
in /var/www/clients/client19/web33/web/Cooperen/index.php (15)
2017/02/01 14:53:29 [fisicVotes] [status] Usuario : 32297180 Sufragante : 6876456
in /var/www/clients/client19/web33/web/Cooperen/protected/controllers/VotacionController.php (195)
in /var/www/clients/client19/web33/web/Cooperen/index.php (15)
2017/02/01 14:58:11 [fisicVotes] [loggin] Usuario : 32297180
in /var/www/clients/client19/web33/web/Cooperen/protected/controllers/SiteController.php (129)
in /var/www/clients/client19/web33/web/Cooperen/index.php (15)
2017/02/01 14:58:21 [fisicVotes] [status] Usuario : 32297180 Sufragante : 39288739
in /var/www/clients/client19/web33/web/Cooperen/protected/controllers/VotacionController.php (195)
in /var/www/clients/client19/web33/web/Cooperen/index.php (15)
2017/02/01 15:07:32 [fisicVotes] [loggin] Usuario : 1017160320
in /var/www/clients/client19/web33/web/Cooperen/protected/controllers/SiteController.php (129)
in /var/www/clients/client19/web33/web/Cooperen/index.php (15)
2017/02/01 15:08:03 [fisicVotes] [status] Usuario : 1017160320 Sufragante : 8295529
in /var/www/clients/client19/web33/web/Cooperen/protected/controllers/VotacionController.php (195)
in /var/www/clients/client19/web33/web/Cooperen/index.php (15)
2017/02/01 15:51:36 [fisicVotes] [loggin] Usuario : 39416319
in /var/www/clients/client19/web33/web/Cooperen/protected/controllers/SiteController.php (129)
in /var/www/clients/client19/web33/web/Cooperen/index.php (15)
2017/02/01 15:51:58 [fisicVotes] [status] Usuario : 39416319 Sufragante : 32357361
in /var/www/clients/client19/web33/web/Cooperen/protected/controllers/VotacionController.php (195)
in /var/www/clients/client19/web33/web/Cooperen/index.php (15)
2017/02/01 15:52:12 [fisicVotes] [status] Usuario : 39416319 Sufragante : 32285287
in /var/www/clients/client19/web33/web/Cooperen/protected/controllers/VotacionController.php (195)
in /var/www/clients/client19/web33/web/Cooperen/index.php (15)
2017/02/01 15:52:37 [fisicVotes] [status] Usuario : 39416319 Sufragante : 50997595
in /var/www/clients/client19/web33/web/Cooperen/protected/controllers/VotacionController.php (195)
in /var/www/clients/client19/web33/web/Cooperen/index.php (15)
2017/02/01 15:52:50 [fisicVotes] [status] Usuario : 39416319 Sufragante : 43143685
in /var/www/clients/client19/web33/web/Cooperen/protected/controllers/VotacionController.php (195)
in /var/www/clients/client19/web33/web/Cooperen/index.php (15)
2017/02/01 16:53:49 [fisicVotes] [loggin] Usuario : 24397826
in /var/www/clients/client19/web33/web/Cooperen/protected/controllers/SiteController.php (129)
in /var/www/clients/client19/web33/web/Cooperen/index.php (15)
2017/02/01 16:53:56 [fisicVotes] [status] Usuario : 24397826 Sufragante : 15335787
in /var/www/clients/client19/web33/web/Cooperen/protected/controllers/VotacionController.php (195)
in /var/www/clients/client19/web33/web/Cooperen/index.php (15)
2017/02/01 17:09:55 [fisicVotes] [loggin] Usuario : 1000656705
in /var/www/clients/client19/web33/web/Cooperen/protected/controllers/SiteController.php (129)
in /var/www/clients/client19/web33/web/Cooperen/index.php (15)
2017/02/01 17:25:35 [fisicVotes] [logout] Usuario : 32297180
in /var/www/clients/client19/web33/web/Cooperen/protected/controllers/SiteController.php (196)
in /var/www/clients/client19/web33/web/Cooperen/protected/controllers/SiteController.php (186)
in /var/www/clients/client19/web33/web/Cooperen/index.php (15)
2017/02/01 17:40:51 [fisicVotes] [loggin] Usuario : 39416319
in /var/www/clients/client19/web33/web/Cooperen/protected/controllers/SiteController.php (129)
in /var/www/clients/client19/web33/web/Cooperen/index.php (15)
2017/02/01 17:41:23 [fisicVotes] [status] Usuario : 39416319 Sufragante : 71976639
in /var/www/clients/client19/web33/web/Cooperen/protected/controllers/VotacionController.php (195)
in /var/www/clients/client19/web33/web/Cooperen/index.php (15)
2017/02/01 18:02:31 [fisicVotes] [status] Usuario : 42655083 Sufragante : 52250046
in /var/www/clients/client19/web33/web/Cooperen/protected/controllers/VotacionController.php (195)
in /var/www/clients/client19/web33/web/Cooperen/index.php (15)
