2017/02/17 14:54:05 [fisicVotes] [loggin] Delegado : Sebastian.Munozr
in /var/www/clients/client19/web33/web/Cooperen/protected/controllers/SiteController.php (68)
in /var/www/clients/client19/web33/web/Cooperen/index.php (15)
2017/02/17 14:56:03 [fisicVotes] [logout] Delegado : 
in /var/www/clients/client19/web33/web/Cooperen/protected/controllers/SiteController.php (205)
in /var/www/clients/client19/web33/web/Cooperen/protected/controllers/SiteController.php (186)
in /var/www/clients/client19/web33/web/Cooperen/index.php (15)
2017/02/17 14:57:25 [fisicVotes] [loggin] Delegado : Administradorvf
in /var/www/clients/client19/web33/web/Cooperen/protected/controllers/SiteController.php (68)
in /var/www/clients/client19/web33/web/Cooperen/index.php (15)
2017/02/17 15:21:57 [fisicVotes] [loggin] Delegado : Administradorvf
in /var/www/clients/client19/web33/web/Cooperen/protected/controllers/SiteController.php (68)
in /var/www/clients/client19/web33/web/Cooperen/index.php (15)
2017/02/17 15:39:47 [fisicVotes] [logout] Delegado : 
in /var/www/clients/client19/web33/web/Cooperen/protected/controllers/SiteController.php (205)
in /var/www/clients/client19/web33/web/Cooperen/protected/controllers/SiteController.php (186)
in /var/www/clients/client19/web33/web/Cooperen/index.php (15)
2017/02/17 16:00:28 [fisicVotes] [loggin] Delegado : Administradorvf
in /var/www/clients/client19/web33/web/Cooperen/protected/controllers/SiteController.php (68)
in /var/www/clients/client19/web33/web/Cooperen/index.php (15)
2017/02/17 16:19:11 [fisicVotes] [loggin] Delegado : Administradorvf
in /var/www/clients/client19/web33/web/Cooperen/protected/controllers/SiteController.php (68)
in /var/www/clients/client19/web33/web/Cooperen/index.php (15)
2017/02/17 16:19:20 [fisicVotes] [logout] Delegado : 
in /var/www/clients/client19/web33/web/Cooperen/protected/controllers/SiteController.php (205)
in /var/www/clients/client19/web33/web/Cooperen/protected/controllers/SiteController.php (186)
in /var/www/clients/client19/web33/web/Cooperen/index.php (15)
2017/02/17 16:49:45 [fisicVotes] [loggin] Delegado : Administradorvf
in /var/www/clients/client19/web33/web/Cooperen/protected/controllers/SiteController.php (68)
in /var/www/clients/client19/web33/web/Cooperen/index.php (15)
2017/02/17 17:45:54 [fisicVotes] [loggin] Delegado : Administradorvf
in /var/www/clients/client19/web33/web/Cooperen/protected/controllers/SiteController.php (68)
in /var/www/clients/client19/web33/web/Cooperen/index.php (15)
2017/02/17 17:47:37 [fisicVotes] [logout] Delegado : 
in /var/www/clients/client19/web33/web/Cooperen/protected/controllers/SiteController.php (205)
in /var/www/clients/client19/web33/web/Cooperen/protected/controllers/SiteController.php (186)
in /var/www/clients/client19/web33/web/Cooperen/index.php (15)
2017/02/17 18:14:59 [fisicVotes] [loggin] Delegado : Administradorvf
in /var/www/clients/client19/web33/web/Cooperen/protected/controllers/SiteController.php (68)
in /var/www/clients/client19/web33/web/Cooperen/index.php (15)
2017/02/17 18:18:06 [fisicVotes] [logout] Delegado : 
in /var/www/clients/client19/web33/web/Cooperen/protected/controllers/SiteController.php (205)
in /var/www/clients/client19/web33/web/Cooperen/protected/controllers/SiteController.php (186)
in /var/www/clients/client19/web33/web/Cooperen/index.php (15)
